#
# A fatal error has been detected by the Java Runtime Environment:
#
#  EXCEPTION_ACCESS_VIOLATION (0xc0000005) at pc=0xffffffff96d3c480, pid=5028, tid=4688
#
# JRE version: OpenJDK Runtime Environment Temurin-17.0.4.1+1 (17.0.4.1+1) (build 17.0.4.1+1)
# Java VM: OpenJDK 64-Bit Server VM Temurin-17.0.4.1+1 (17.0.4.1+1, mixed mode, tiered, compressed oops, compressed class ptrs, g1 gc, windows-amd64)
# Problematic frame:
# C  0xffffffff96d3c480
#
# No core dump will be written. Minidumps are not enabled by default on client versions of Windows
#
# If you would like to submit a bug report, please visit:
#   https://github.com/adoptium/adoptium-support/issues
#

---------------  S U M M A R Y ------------

Command Line: -Dfile.encoding=UTF-8 -XX:+ShowCodeDetailsInExceptionMessages view.TelaJogo

Host: Pentium(R) Dual-Core  CPU      E5300  @ 2.60GHz, 2 cores, 2G,  Windows 7 , 64 bit Build 7601 (6.1.7601.24545)
Time: Wed Nov 30 08:55:09 2022 Hora oficial do Brasil elapsed time: 0.274821 seconds (0d 0h 0m 0s)

---------------  T H R E A D  ---------------

Current thread (0x000000000023fd60):  JavaThread "main" [_thread_in_Java, id=4688, stack(0x0000000002110000,0x0000000002210000)]

Stack: [0x0000000002110000,0x0000000002210000],  sp=0x000000000220f1a8,  free space=1020k
Native frames: (J=compiled Java code, j=interpreted, Vv=VM code, C=native code)
C  0xffffffff96d3c480


siginfo: EXCEPTION_ACCESS_VIOLATION (0xc0000005), data execution prevention violation at address 0xffffffff96d3c480


Register to memory mapping:

RIP=0xffffffff96d3c480 is an unknown value
RAX={method} {0x0000000059800518} '<init>' '()V' in 'java/lang/Object'
RBX={method} {0x0000000059800518} '<init>' '()V' in 'java/lang/Object'
RCX=0x00000000d6b6af30 is an oop: java.util.KeyValueHolder 
{0x00000000d6b6af30} - klass: 'java/util/KeyValueHolder'
 - ---- fields (total size 3 words):
 - final synchronized 'key' 'Ljava/lang/Object;' @12  NULL (0)
 - final synchronized 'value' 'Ljava/lang/Object;' @16  NULL (0)
RDX=0x00000000d6b6af30 is an oop: java.util.KeyValueHolder 
{0x00000000d6b6af30} - klass: 'java/util/KeyValueHolder'
 - ---- fields (total size 3 words):
 - final synchronized 'key' 'Ljava/lang/Object;' @12  NULL (0)
 - final synchronized 'value' 'Ljava/lang/Object;' @16  NULL (0)
RSP=0x000000000220f1a8 is pointing into the stack for thread: 0x000000000023fd60
RBP=0x000000000220f208 is pointing into the stack for thread: 0x000000000023fd60
RSI=0x0 is NULL
RDI=0x000000000000015a is an unknown value
R8 =0x0 is NULL
R9 =0x00000000d6b43a68 is an oop: java.lang.Class 
{0x00000000d6b43a68} - klass: 'java/lang/Class'
 - ---- fields (total size 23 words):
 - private volatile transient 'classRedefinedCount' 'I' @12  0
 - private volatile transient 'cachedConstructor' 'Ljava/lang/reflect/Constructor;' @40  NULL (0)
 - private transient 'name' 'Ljava/lang/String;' @44  NULL (0)
 - private transient 'module' 'Ljava/lang/Module;' @48  NULL (0)
 - private final 'classLoader' 'Ljava/lang/ClassLoader;' @52  NULL (0)
 - private transient 'classData' 'Ljava/lang/Object;' @56  NULL (0)
 - private transient 'packageName' 'Ljava/lang/String;' @60  NULL (0)
 - private final 'componentType' 'Ljava/lang/Class;' @64  NULL (0)
 - private volatile transient 'reflectionData' 'Ljava/lang/ref/SoftReference;' @68  NULL (0)
 - private volatile transient 'genericInfo' 'Lsun/reflect/generics/repository/ClassRepository;' @72  NULL (0)
 - private volatile transient 'enumConstants' '[Ljava/lang/Object;' @76  NULL (0)
 - private volatile transient 'enumConstantDirectory' 'Ljava/util/Map;' @80  NULL (0)
 - private volatile transient 'annotationData' 'Ljava/lang/Class$AnnotationData;' @84  NULL (0)
 - private volatile transient 'annotationType' 'Lsun/reflect/annotation/AnnotationType;' @88  NULL (0)
 - transient 'classValueMap' 'Ljava/lang/ClassValue$ClassValueMap;' @92  NULL (0)
 - signature: Ljdk/internal/module/ModuleBootstrap;
 - fake entry for mirror: 'jdk/internal/module/ModuleBootstrap'
 - fake entry for array: NULL
 - fake entry for oop_size: 23
 - fake entry for static_oop_field_count: 16
 - private static final 'JAVA_BASE' 'Ljava/lang/String;' @112  "java.base"{0x00000000d6b43b30} (d6b43b30)
 - private static final 'ALL_DEFAULT' 'Ljava/lang/String;' @116  "ALL-DEFAULT"{0x00000000d6b43b68} (d6b43b68)
 - private static final 'ALL_UNNAMED' 'Ljava/lang/String;' @120  "ALL-UNNAMED"{0x00000000d6b43ba0} (d6b43ba0)
 - private static final 'ALL_SYSTEM' 'Ljava/lang/String;' @124  "ALL-SYSTEM"{0x00000000d6b43bd8} (d6b43bd8)
 - private static final 'ALL_MODULE_PATH' 'Ljava/lang/String;' @128  "ALL-MODULE-PATH"{0x00000000d6b43c10} (d6b43c10)
 - private static final 'JLA' 'Ljdk/internal/access/JavaLangAccess;' @132  a 'java/lang/System$2'{0x00000000d6b0c318} (d6b0c318)
 - private static final 'JLMA' 'Ljdk/internal/access/JavaLangModuleAccess;' @136  a 'java/lang/module/ModuleDescriptor$1'{0x00000000d6b44458} (d6b44458)
 - private static final 'patcher' 'Ljdk/internal/module/ModulePatcher;' @140  a 'jdk/internal/module/ModulePatcher'{0x00000000d6b44db8} (d6b44db8)
 - private static volatile 'unlimitedFinder' 'Ljava/lang/module/ModuleFinder;' @144  NULL (0)
 - private static volatile 'limitedFinder' 'Ljava/lang/module/ModuleFinder;' @148  NULL (0)
 - private static final 'ADD_MODULES' 'Ljava/lang/String;' @152  "--add-modules"{0x00000000d6b43c48} (d6b43c48)
 - private static final 'ADD_EXPORTS' 'Ljava/lang/String;' @156  "--add-exports"{0x00000000d6b43c80} (d6b43c80)
 - private static final 'ADD_OPENS' 'Ljava/lang/String;' @160  "--add-opens"{0x00000000d6b43cb8} (d6b43cb8)
 - private static final 'ADD_READS' 'Ljava/lang/String;' @164  "--add-reads"{0x00000000d6b43cf0} (d6b43cf0)
 - private static final 'PATCH_MODULE' 'Ljava/lang/String;' @168  "--patch-module"{0x00000000d6b43d28} (d6b43d28)
 - private static final 'ENABLE_NATIVE_ACCESS' 'Ljava/lang/String;' @172  "--enable-native-access"{0x00000000d6b43d60} (d6b43d60)
 - static final synthetic '$assertionsDisabled' 'Z' @176  true
R10=0x000007feed03b580 jvm.dll
R11=0x0000000006280c40 is at entry_point+32 in (nmethod*)0x0000000006280a90
R12=0x0 is NULL
R13=0x000000000220f1b8 is pointing into the stack for thread: 0x000000000023fd60
R14=0x000000000220f228 is pointing into the stack for thread: 0x000000000023fd60
R15=0x000000000023fd60 is a thread


Registers:
RAX=0x0000000059800510, RBX=0x0000000059800510, RCX=0x00000000d6b6af30, RDX=0x00000000d6b6af30
RSP=0x000000000220f1a8, RBP=0x000000000220f208, RSI=0x0000000000000000, RDI=0x000000000000015a
R8 =0x0000000000000000, R9 =0x00000000d6b43a68, R10=0x000007feed03b580, R11=0x0000000006280c40
R12=0x0000000000000000, R13=0x000000000220f1b8, R14=0x000000000220f228, R15=0x000000000023fd60
RIP=0xffffffff96d3c480, EFLAGS=0x0000000000010202

Top of Stack: (sp=0x000000000220f1a8)
0x000000000220f1a8:   0000000005cf94c4 0000000005cf94c4
0x000000000220f1b8:   00000000d6b6af30 000000000220f1c0
0x000000000220f1c8:   0000000059997271 000000000220f228
0x000000000220f1d8:   0000000059997bf0 0000000000000000
0x000000000220f1e8:   00000000d6b0a5f8 00000000599972b8
0x000000000220f1f8:   000000000220f1b8 000000000220f218
0x000000000220f208:   000000000220f280 0000000005cf94c4
0x000000000220f218:   00000000d6b6aef8 00000000d6b4a678
0x000000000220f228:   00000000d6b6af30 00000000d6b6af30
0x000000000220f238:   000000000220f238 000000005985418e
0x000000000220f248:   000000000220f298 0000000059957120
0x000000000220f258:   0000000000000000 00000000d6b02220
0x000000000220f268:   00000000598541b8 000000000220f218
0x000000000220f278:   000000000220f290 000000000220f2f8
0x000000000220f288:   0000000005cf961d 00000000d6b6aef8
0x000000000220f298:   00000000d6b4a678 0000000000000013 

Instructions: (pc=0xffffffff96d3c480)
0xffffffff96d3c380:   ?? ?? ?? ?? ?? ?? ?? ?? ?? ?? ?? ?? ?? ?? ?? ??
0xffffffff96d3c390:   ?? ?? ?? ?? ?? ?? ?? ?? ?? ?? ?? ?? ?? ?? ?? ??
0xffffffff96d3c3a0:   ?? ?? ?? ?? ?? ?? ?? ?? ?? ?? ?? ?? ?? ?? ?? ??
0xffffffff96d3c3b0:   ?? ?? ?? ?? ?? ?? ?? ?? ?? ?? ?? ?? ?? ?? ?? ??
0xffffffff96d3c3c0:   ?? ?? ?? ?? ?? ?? ?? ?? ?? ?? ?? ?? ?? ?? ?? ??
0xffffffff96d3c3d0:   ?? ?? ?? ?? ?? ?? ?? ?? ?? ?? ?? ?? ?? ?? ?? ??
0xffffffff96d3c3e0:   ?? ?? ?? ?? ?? ?? ?? ?? ?? ?? ?? ?? ?? ?? ?? ??
0xffffffff96d3c3f0:   ?? ?? ?? ?? ?? ?? ?? ?? ?? ?? ?? ?? ?? ?? ?? ??
0xffffffff96d3c400:   ?? ?? ?? ?? ?? ?? ?? ?? ?? ?? ?? ?? ?? ?? ?? ??
0xffffffff96d3c410:   ?? ?? ?? ?? ?? ?? ?? ?? ?? ?? ?? ?? ?? ?? ?? ??
0xffffffff96d3c420:   ?? ?? ?? ?? ?? ?? ?? ?? ?? ?? ?? ?? ?? ?? ?? ??
0xffffffff96d3c430:   ?? ?? ?? ?? ?? ?? ?? ?? ?? ?? ?? ?? ?? ?? ?? ??
0xffffffff96d3c440:   ?? ?? ?? ?? ?? ?? ?? ?? ?? ?? ?? ?? ?? ?? ?? ??
0xffffffff96d3c450:   ?? ?? ?? ?? ?? ?? ?? ?? ?? ?? ?? ?? ?? ?? ?? ??
0xffffffff96d3c460:   ?? ?? ?? ?? ?? ?? ?? ?? ?? ?? ?? ?? ?? ?? ?? ??
0xffffffff96d3c470:   ?? ?? ?? ?? ?? ?? ?? ?? ?? ?? ?? ?? ?? ?? ?? ??
0xffffffff96d3c480:   ?? ?? ?? ?? ?? ?? ?? ?? ?? ?? ?? ?? ?? ?? ?? ??
0xffffffff96d3c490:   ?? ?? ?? ?? ?? ?? ?? ?? ?? ?? ?? ?? ?? ?? ?? ??
0xffffffff96d3c4a0:   ?? ?? ?? ?? ?? ?? ?? ?? ?? ?? ?? ?? ?? ?? ?? ??
0xffffffff96d3c4b0:   ?? ?? ?? ?? ?? ?? ?? ?? ?? ?? ?? ?? ?? ?? ?? ??
0xffffffff96d3c4c0:   ?? ?? ?? ?? ?? ?? ?? ?? ?? ?? ?? ?? ?? ?? ?? ??
0xffffffff96d3c4d0:   ?? ?? ?? ?? ?? ?? ?? ?? ?? ?? ?? ?? ?? ?? ?? ??
0xffffffff96d3c4e0:   ?? ?? ?? ?? ?? ?? ?? ?? ?? ?? ?? ?? ?? ?? ?? ??
0xffffffff96d3c4f0:   ?? ?? ?? ?? ?? ?? ?? ?? ?? ?? ?? ?? ?? ?? ?? ??
0xffffffff96d3c500:   ?? ?? ?? ?? ?? ?? ?? ?? ?? ?? ?? ?? ?? ?? ?? ??
0xffffffff96d3c510:   ?? ?? ?? ?? ?? ?? ?? ?? ?? ?? ?? ?? ?? ?? ?? ??
0xffffffff96d3c520:   ?? ?? ?? ?? ?? ?? ?? ?? ?? ?? ?? ?? ?? ?? ?? ??
0xffffffff96d3c530:   ?? ?? ?? ?? ?? ?? ?? ?? ?? ?? ?? ?? ?? ?? ?? ??
0xffffffff96d3c540:   ?? ?? ?? ?? ?? ?? ?? ?? ?? ?? ?? ?? ?? ?? ?? ??
0xffffffff96d3c550:   ?? ?? ?? ?? ?? ?? ?? ?? ?? ?? ?? ?? ?? ?? ?? ??
0xffffffff96d3c560:   ?? ?? ?? ?? ?? ?? ?? ?? ?? ?? ?? ?? ?? ?? ?? ??
0xffffffff96d3c570:   ?? ?? ?? ?? ?? ?? ?? ?? ?? ?? ?? ?? ?? ?? ?? ?? 


Stack slot to memory mapping:
stack at sp + 0 slots: 0x0000000005cf94c4 is at code_begin+1092 in an Interpreter codelet
return entry points  [0x0000000005cf9080, 0x0000000005cf9b40]  2752 bytes
stack at sp + 1 slots: 0x0000000005cf94c4 is at code_begin+1092 in an Interpreter codelet
return entry points  [0x0000000005cf9080, 0x0000000005cf9b40]  2752 bytes
stack at sp + 2 slots: 0x00000000d6b6af30 is an oop: java.util.KeyValueHolder 
{0x00000000d6b6af30} - klass: 'java/util/KeyValueHolder'
 - ---- fields (total size 3 words):
 - final synchronized 'key' 'Ljava/lang/Object;' @12  NULL (0)
 - final synchronized 'value' 'Ljava/lang/Object;' @16  NULL (0)
stack at sp + 3 slots: 0x000000000220f1c0 is pointing into the stack for thread: 0x000000000023fd60
stack at sp + 4 slots: 0x0000000059997271 is pointing into metadata
stack at sp + 5 slots: 0x000000000220f228 is pointing into the stack for thread: 0x000000000023fd60
stack at sp + 6 slots: 0x0000000059997bf0 is pointing into metadata
stack at sp + 7 slots: 0x0 is NULL


---------------  P R O C E S S  ---------------

Threads class SMR info:
_java_thread_list=0x000000001967d710, length=10, elements={
0x000000000023fd60, 0x000000001966b4e0, 0x000000001966c4e0, 0x000000001969b000,
0x000000001969b8c0, 0x00000000196913f0, 0x0000000019695d70, 0x0000000019697230,
0x0000000019698000, 0x00000000196a71f0
}

Java Threads: ( => current thread )
=>0x000000000023fd60 JavaThread "main" [_thread_in_Java, id=4688, stack(0x0000000002110000,0x0000000002210000)]
  0x000000001966b4e0 JavaThread "Reference Handler" daemon [_thread_blocked, id=1908, stack(0x000000005a1d0000,0x000000005a2d0000)]
  0x000000001966c4e0 JavaThread "Finalizer" daemon [_thread_blocked, id=1820, stack(0x000000005a420000,0x000000005a520000)]
  0x000000001969b000 JavaThread "Signal Dispatcher" daemon [_thread_blocked, id=2884, stack(0x000000005a530000,0x000000005a630000)]
  0x000000001969b8c0 JavaThread "Attach Listener" daemon [_thread_blocked, id=576, stack(0x000000005a750000,0x000000005a850000)]
  0x00000000196913f0 JavaThread "Service Thread" daemon [_thread_blocked, id=5096, stack(0x000000005a2f0000,0x000000005a3f0000)]
  0x0000000019695d70 JavaThread "Monitor Deflation Thread" daemon [_thread_blocked, id=3084, stack(0x000000005a920000,0x000000005aa20000)]
  0x0000000019697230 JavaThread "C2 CompilerThread0" daemon [_thread_blocked, id=2076, stack(0x000000005aa80000,0x000000005ab80000)]
  0x0000000019698000 JavaThread "C1 CompilerThread0" daemon [_thread_blocked, id=1348, stack(0x000000005acd0000,0x000000005add0000)]
  0x00000000196a71f0 JavaThread "Sweeper thread" daemon [_thread_blocked, id=3424, stack(0x000000005af20000,0x000000005b020000)]

Other Threads:
  0x00000000196615c0 VMThread "VM Thread" [stack: 0x000000005a0c0000,0x000000005a1c0000] [id=2348]
  0x00000000002786c0 GCTaskThread "GC Thread#0" [stack: 0x0000000016cd0000,0x0000000016dd0000] [id=4056]
  0x000000000027f690 ConcurrentGCThread "G1 Main Marker" [stack: 0x0000000016e00000,0x0000000016f00000] [id=5008]
  0x0000000000283cb0 ConcurrentGCThread "G1 Conc#0" [stack: 0x0000000016fe0000,0x00000000170e0000] [id=2080]
  0x00000000002afcc0 ConcurrentGCThread "G1 Refine#0" [stack: 0x0000000019280000,0x0000000019380000] [id=4276]
  0x00000000002b12f0 ConcurrentGCThread "G1 Service" [stack: 0x00000000193d0000,0x00000000194d0000] [id=152]

Threads with active compile tasks:

VM state: not at safepoint (normal execution)

VM Mutex/Monitor currently owned by a thread: None

Heap address: 0x00000000d4000000, size: 704 MB, Compressed Oops mode: 32-bit

CDS archive(s) not mapped
Compressed class space mapped at: 0x0000000019800000-0x0000000059800000, reserved size: 1073741824
Narrow klass base: 0x0000000000000000, Narrow klass shift: 0, Narrow klass range: 0x59800000

GC Precious Log:
 CPUs: 2 total, 2 available
 Memory: 2813M
 Large Page Support: Disabled
 NUMA Support: Disabled
 Compressed Oops: Enabled (32-bit)
 Heap Region Size: 1M
 Heap Min Capacity: 8M
 Heap Initial Capacity: 44M
 Heap Max Capacity: 704M
 Pre-touch: Disabled
 Parallel Workers: 2
 Concurrent Workers: 1
 Concurrent Refinement Workers: 2
 Periodic GC: Disabled

Heap:
 garbage-first heap   total 45056K, used 0K [0x00000000d4000000, 0x0000000100000000)
  region size 1024K, 1 young (1024K), 0 survivors (0K)
 Metaspace       used 2939K, committed 3008K, reserved 1056768K
  class space    used 219K, committed 256K, reserved 1048576K

Heap Regions: E=young(eden), S=young(survivor), O=old, HS=humongous(starts), HC=humongous(continues), CS=collection set, F=free, OA=open archive, CA=closed archive, TAMS=top-at-mark-start (previous, next)
|   0|0x00000000d4000000, 0x00000000d4000000, 0x00000000d4100000|  0%| F|  |TAMS 0x00000000d4000000, 0x00000000d4000000| Untracked 
|   1|0x00000000d4100000, 0x00000000d4100000, 0x00000000d4200000|  0%| F|  |TAMS 0x00000000d4100000, 0x00000000d4100000| Untracked 
|   2|0x00000000d4200000, 0x00000000d4200000, 0x00000000d4300000|  0%| F|  |TAMS 0x00000000d4200000, 0x00000000d4200000| Untracked 
|   3|0x00000000d4300000, 0x00000000d4300000, 0x00000000d4400000|  0%| F|  |TAMS 0x00000000d4300000, 0x00000000d4300000| Untracked 
|   4|0x00000000d4400000, 0x00000000d4400000, 0x00000000d4500000|  0%| F|  |TAMS 0x00000000d4400000, 0x00000000d4400000| Untracked 
|   5|0x00000000d4500000, 0x00000000d4500000, 0x00000000d4600000|  0%| F|  |TAMS 0x00000000d4500000, 0x00000000d4500000| Untracked 
|   6|0x00000000d4600000, 0x00000000d4600000, 0x00000000d4700000|  0%| F|  |TAMS 0x00000000d4600000, 0x00000000d4600000| Untracked 
|   7|0x00000000d4700000, 0x00000000d4700000, 0x00000000d4800000|  0%| F|  |TAMS 0x00000000d4700000, 0x00000000d4700000| Untracked 
|   8|0x00000000d4800000, 0x00000000d4800000, 0x00000000d4900000|  0%| F|  |TAMS 0x00000000d4800000, 0x00000000d4800000| Untracked 
|   9|0x00000000d4900000, 0x00000000d4900000, 0x00000000d4a00000|  0%| F|  |TAMS 0x00000000d4900000, 0x00000000d4900000| Untracked 
|  10|0x00000000d4a00000, 0x00000000d4a00000, 0x00000000d4b00000|  0%| F|  |TAMS 0x00000000d4a00000, 0x00000000d4a00000| Untracked 
|  11|0x00000000d4b00000, 0x00000000d4b00000, 0x00000000d4c00000|  0%| F|  |TAMS 0x00000000d4b00000, 0x00000000d4b00000| Untracked 
|  12|0x00000000d4c00000, 0x00000000d4c00000, 0x00000000d4d00000|  0%| F|  |TAMS 0x00000000d4c00000, 0x00000000d4c00000| Untracked 
|  13|0x00000000d4d00000, 0x00000000d4d00000, 0x00000000d4e00000|  0%| F|  |TAMS 0x00000000d4d00000, 0x00000000d4d00000| Untracked 
|  14|0x00000000d4e00000, 0x00000000d4e00000, 0x00000000d4f00000|  0%| F|  |TAMS 0x00000000d4e00000, 0x00000000d4e00000| Untracked 
|  15|0x00000000d4f00000, 0x00000000d4f00000, 0x00000000d5000000|  0%| F|  |TAMS 0x00000000d4f00000, 0x00000000d4f00000| Untracked 
|  16|0x00000000d5000000, 0x00000000d5000000, 0x00000000d5100000|  0%| F|  |TAMS 0x00000000d5000000, 0x00000000d5000000| Untracked 
|  17|0x00000000d5100000, 0x00000000d5100000, 0x00000000d5200000|  0%| F|  |TAMS 0x00000000d5100000, 0x00000000d5100000| Untracked 
|  18|0x00000000d5200000, 0x00000000d5200000, 0x00000000d5300000|  0%| F|  |TAMS 0x00000000d5200000, 0x00000000d5200000| Untracked 
|  19|0x00000000d5300000, 0x00000000d5300000, 0x00000000d5400000|  0%| F|  |TAMS 0x00000000d5300000, 0x00000000d5300000| Untracked 
|  20|0x00000000d5400000, 0x00000000d5400000, 0x00000000d5500000|  0%| F|  |TAMS 0x00000000d5400000, 0x00000000d5400000| Untracked 
|  21|0x00000000d5500000, 0x00000000d5500000, 0x00000000d5600000|  0%| F|  |TAMS 0x00000000d5500000, 0x00000000d5500000| Untracked 
|  22|0x00000000d5600000, 0x00000000d5600000, 0x00000000d5700000|  0%| F|  |TAMS 0x00000000d5600000, 0x00000000d5600000| Untracked 
|  23|0x00000000d5700000, 0x00000000d5700000, 0x00000000d5800000|  0%| F|  |TAMS 0x00000000d5700000, 0x00000000d5700000| Untracked 
|  24|0x00000000d5800000, 0x00000000d5800000, 0x00000000d5900000|  0%| F|  |TAMS 0x00000000d5800000, 0x00000000d5800000| Untracked 
|  25|0x00000000d5900000, 0x00000000d5900000, 0x00000000d5a00000|  0%| F|  |TAMS 0x00000000d5900000, 0x00000000d5900000| Untracked 
|  26|0x00000000d5a00000, 0x00000000d5a00000, 0x00000000d5b00000|  0%| F|  |TAMS 0x00000000d5a00000, 0x00000000d5a00000| Untracked 
|  27|0x00000000d5b00000, 0x00000000d5b00000, 0x00000000d5c00000|  0%| F|  |TAMS 0x00000000d5b00000, 0x00000000d5b00000| Untracked 
|  28|0x00000000d5c00000, 0x00000000d5c00000, 0x00000000d5d00000|  0%| F|  |TAMS 0x00000000d5c00000, 0x00000000d5c00000| Untracked 
|  29|0x00000000d5d00000, 0x00000000d5d00000, 0x00000000d5e00000|  0%| F|  |TAMS 0x00000000d5d00000, 0x00000000d5d00000| Untracked 
|  30|0x00000000d5e00000, 0x00000000d5e00000, 0x00000000d5f00000|  0%| F|  |TAMS 0x00000000d5e00000, 0x00000000d5e00000| Untracked 
|  31|0x00000000d5f00000, 0x00000000d5f00000, 0x00000000d6000000|  0%| F|  |TAMS 0x00000000d5f00000, 0x00000000d5f00000| Untracked 
|  32|0x00000000d6000000, 0x00000000d6000000, 0x00000000d6100000|  0%| F|  |TAMS 0x00000000d6000000, 0x00000000d6000000| Untracked 
|  33|0x00000000d6100000, 0x00000000d6100000, 0x00000000d6200000|  0%| F|  |TAMS 0x00000000d6100000, 0x00000000d6100000| Untracked 
|  34|0x00000000d6200000, 0x00000000d6200000, 0x00000000d6300000|  0%| F|  |TAMS 0x00000000d6200000, 0x00000000d6200000| Untracked 
|  35|0x00000000d6300000, 0x00000000d6300000, 0x00000000d6400000|  0%| F|  |TAMS 0x00000000d6300000, 0x00000000d6300000| Untracked 
|  36|0x00000000d6400000, 0x00000000d6400000, 0x00000000d6500000|  0%| F|  |TAMS 0x00000000d6400000, 0x00000000d6400000| Untracked 
|  37|0x00000000d6500000, 0x00000000d6500000, 0x00000000d6600000|  0%| F|  |TAMS 0x00000000d6500000, 0x00000000d6500000| Untracked 
|  38|0x00000000d6600000, 0x00000000d6600000, 0x00000000d6700000|  0%| F|  |TAMS 0x00000000d6600000, 0x00000000d6600000| Untracked 
|  39|0x00000000d6700000, 0x00000000d6700000, 0x00000000d6800000|  0%| F|  |TAMS 0x00000000d6700000, 0x00000000d6700000| Untracked 
|  40|0x00000000d6800000, 0x00000000d6800000, 0x00000000d6900000|  0%| F|  |TAMS 0x00000000d6800000, 0x00000000d6800000| Untracked 
|  41|0x00000000d6900000, 0x00000000d6900000, 0x00000000d6a00000|  0%| F|  |TAMS 0x00000000d6900000, 0x00000000d6900000| Untracked 
|  42|0x00000000d6a00000, 0x00000000d6a00000, 0x00000000d6b00000|  0%| F|  |TAMS 0x00000000d6a00000, 0x00000000d6a00000| Untracked 
|  43|0x00000000d6b00000, 0x00000000d6b7ef60, 0x00000000d6c00000| 49%| E|  |TAMS 0x00000000d6b00000, 0x00000000d6b00000| Complete 

Card table byte_map: [0x0000000015250000,0x00000000153b0000] _byte_map_base: 0x0000000014bb0000

Marking Bits (Prev, Next): (CMBitMap*) 0x00000000002797a0, (CMBitMap*) 0x00000000002797e0
 Prev Bits: [0x0000000015510000, 0x0000000016010000)
 Next Bits: [0x0000000016010000, 0x0000000016b10000)

Polling page: 0x0000000000320000

Metaspace:

Usage:
  Non-class:      2.66 MB used.
      Class:    219.18 KB used.
       Both:      2.87 MB used.

Virtual space:
  Non-class space:        8.00 MB reserved,       2.69 MB ( 34%) committed,  1 nodes.
      Class space:        1.00 GB reserved,     256.00 KB ( <1%) committed,  1 nodes.
             Both:        1.01 GB reserved,       2.94 MB ( <1%) committed. 

Chunk freelists:
   Non-Class:  0 bytes
       Class:  3.75 MB
        Both:  3.75 MB

MaxMetaspaceSize: unlimited
CompressedClassSpaceSize: 1.00 GB
Initial GC threshold: 21.00 MB
Current GC threshold: 21.00 MB
CDS: off
MetaspaceReclaimPolicy: balanced
 - commit_granule_bytes: 65536.
 - commit_granule_words: 8192.
 - virtual_space_node_default_size: 1048576.
 - enlarge_chunks_in_place: 1.
 - new_chunks_are_fully_committed: 0.
 - uncommit_free_chunks: 1.
 - use_allocation_guard: 0.
 - handle_deallocations: 1.


Internal statistics:

num_allocs_failed_limit: 0.
num_arena_births: 2.
num_arena_deaths: 0.
num_vsnodes_births: 2.
num_vsnodes_deaths: 0.
num_space_committed: 47.
num_space_uncommitted: 0.
num_chunks_returned_to_freelist: 0.
num_chunks_taken_from_freelist: 3.
num_chunk_merges: 0.
num_chunk_splits: 1.
num_chunks_enlarged: 0.
num_purges: 0.
num_inconsistent_stats: 0.

CodeHeap 'non-profiled nmethods': size=120064Kb used=1Kb max_used=1Kb free=120062Kb
 bounds [0x000000000d7b0000, 0x000000000da20000, 0x0000000014cf0000]
CodeHeap 'profiled nmethods': size=120000Kb used=24Kb max_used=24Kb free=119975Kb
 bounds [0x0000000006280000, 0x00000000064f0000, 0x000000000d7b0000]
CodeHeap 'non-nmethods': size=5696Kb used=1016Kb max_used=1031Kb free=4679Kb
 bounds [0x0000000005cf0000, 0x0000000005f60000, 0x0000000006280000]
 total_blobs=288 nmethods=20 adapters=182
 compilation: enabled
              stopped_count=0, restarted_count=0
 full_count=0

Compilation events (20 events):
Event: 0.237 Thread 0x0000000019698000   11       3       java.lang.module.ModuleDescriptor$Exports::<init> (20 bytes)
Event: 0.237 Thread 0x0000000019698000 nmethod 11 0x0000000006283610 code [0x00000000062837c0, 0x0000000006283a38]
Event: 0.237 Thread 0x0000000019697230   13       4       java.lang.StringLatin1::hashCode (42 bytes)
Event: 0.237 Thread 0x0000000019698000   12       3       java.lang.module.ModuleDescriptor$Exports::hashCode (38 bytes)
Event: 0.237 Thread 0x0000000019698000 nmethod 12 0x0000000006283b10 code [0x0000000006283ce0, 0x0000000006283fe8]
Event: 0.238 Thread 0x0000000019698000   14       3       java.util.Objects::requireNonNull (14 bytes)
Event: 0.238 Thread 0x0000000019698000 nmethod 14 0x0000000006284110 code [0x00000000062842c0, 0x00000000062844a8]
Event: 0.238 Thread 0x0000000019698000   15       3       java.util.AbstractCollection::<init> (5 bytes)
Event: 0.238 Thread 0x0000000019698000 nmethod 15 0x0000000006284590 code [0x0000000006284720, 0x0000000006284878]
Event: 0.241 Thread 0x0000000019698000   16       3       java.util.ImmutableCollections$AbstractImmutableCollection::<init> (5 bytes)
Event: 0.242 Thread 0x0000000019697230 nmethod 13 0x000000000d7b0010 code [0x000000000d7b0180, 0x000000000d7b02f8]
Event: 0.242 Thread 0x0000000019698000 nmethod 16 0x0000000006284910 code [0x0000000006284ac0, 0x0000000006284c78]
Event: 0.242 Thread 0x0000000019698000   17       3       java.util.ImmutableCollections$AbstractImmutableSet::<init> (5 bytes)
Event: 0.243 Thread 0x0000000019698000 nmethod 17 0x0000000006284d90 code [0x0000000006284f40, 0x0000000006285178]
Event: 0.243 Thread 0x0000000019698000   18       3       java.util.Set::of (68 bytes)
Event: 0.244 Thread 0x0000000019698000 nmethod 18 0x0000000006285290 code [0x00000000062854c0, 0x0000000006285ca8]
Event: 0.246 Thread 0x0000000019697230   19       4       java.lang.Object::<init> (1 bytes)
Event: 0.246 Thread 0x0000000019698000   20       3       java.lang.String::coder (15 bytes)
Event: 0.247 Thread 0x0000000019698000 nmethod 20 0x0000000006285f90 code [0x0000000006286120, 0x0000000006286258]
Event: 0.247 Thread 0x0000000019697230 nmethod 19 0x000000000d7b0410 code [0x000000000d7b0580, 0x000000000d7b05f8]

GC Heap History (0 events):
No events

Deoptimization events (0 events):
No events

Classes unloaded (0 events):
No events

Classes redefined (0 events):
No events

Internal exceptions (0 events):
No events

VM Operations (0 events):
No events

Events (20 events):
Event: 0.244 loading class jdk/internal/module/ModuleHashes
Event: 0.244 loading class jdk/internal/module/ModuleHashes done
Event: 0.244 loading class jdk/internal/module/ModuleHashes$Builder
Event: 0.244 loading class jdk/internal/module/ModuleHashes$Builder done
Event: 0.244 loading class java/util/Collections$UnmodifiableMap
Event: 0.245 loading class java/util/Collections$UnmodifiableMap done
Event: 0.245 loading class jdk/internal/module/ModuleResolution
Event: 0.245 loading class jdk/internal/module/ModuleResolution done
Event: 0.245 loading class java/lang/module/ModuleReference
Event: 0.245 loading class java/lang/module/ModuleReference done
Event: 0.245 loading class jdk/internal/module/SystemModuleFinders$2
Event: 0.245 loading class java/util/function/Supplier
Event: 0.245 loading class java/util/function/Supplier done
Event: 0.245 loading class jdk/internal/module/SystemModuleFinders$2 done
Event: 0.245 loading class jdk/internal/module/ModuleReferenceImpl
Event: 0.245 loading class jdk/internal/module/ModuleReferenceImpl done
Event: 0.246 loading class jdk/internal/module/SystemModuleFinders$3
Event: 0.246 loading class jdk/internal/module/ModuleHashes$HashSupplier
Event: 0.246 loading class jdk/internal/module/ModuleHashes$HashSupplier done
Event: 0.246 loading class jdk/internal/module/SystemModuleFinders$3 done


Dynamic libraries:
0x000000013f910000 - 0x000000013f91e000 	D:\Downloads\eclipse-java-2022-09-R-win32-x86_64\eclipse\plugins\org.eclipse.justj.openjdk.hotspot.jre.full.win32.x86_64_17.0.4.v20220903-1038\jre\bin\javaw.exe
0x0000000077580000 - 0x000000007771f000 	C:\Windows\SYSTEM32\ntdll.dll
0x0000000077360000 - 0x000000007747f000 	C:\Windows\system32\kernel32.dll
0x000007fefd210000 - 0x000007fefd277000 	C:\Windows\system32\KERNELBASE.dll
0x000007fef3c50000 - 0x000007fef3c68000 	D:\Downloads\eclipse-java-2022-09-R-win32-x86_64\eclipse\plugins\org.eclipse.justj.openjdk.hotspot.jre.full.win32.x86_64_17.0.4.v20220903-1038\jre\bin\jli.dll
0x000007fefbd70000 - 0x000007fefbf65000 	C:\Windows\WinSxS\amd64_microsoft.windows.common-controls_6595b64144ccf1df_6.0.7601.24483_none_e372d88f30fbb845\COMCTL32.dll
0x000007feff6d0000 - 0x000007feff76f000 	C:\Windows\system32\msvcrt.dll
0x000007feff800000 - 0x000007feff867000 	C:\Windows\system32\GDI32.dll
0x0000000077480000 - 0x000000007757b000 	C:\Windows\system32\USER32.dll
0x000007feff7f0000 - 0x000007feff7fe000 	C:\Windows\system32\LPK.dll
0x000007feff520000 - 0x000007feff5eb000 	C:\Windows\system32\USP10.dll
0x000007feff770000 - 0x000007feff7e1000 	C:\Windows\system32\SHLWAPI.dll
0x000007fef3c70000 - 0x000007fef3c89000 	D:\Downloads\eclipse-java-2022-09-R-win32-x86_64\eclipse\plugins\org.eclipse.justj.openjdk.hotspot.jre.full.win32.x86_64_17.0.4.v20220903-1038\jre\bin\VCRUNTIME140.dll
0x000007fefbd40000 - 0x000007fefbd44000 	D:\Downloads\eclipse-java-2022-09-R-win32-x86_64\eclipse\plugins\org.eclipse.justj.openjdk.hotspot.jre.full.win32.x86_64_17.0.4.v20220903-1038\jre\bin\api-ms-win-crt-runtime-l1-1-0.dll
0x000007fedf7c0000 - 0x000007fedf8ba000 	D:\Downloads\eclipse-java-2022-09-R-win32-x86_64\eclipse\plugins\org.eclipse.justj.openjdk.hotspot.jre.full.win32.x86_64_17.0.4.v20220903-1038\jre\bin\ucrtbase.DLL
0x000007fefbd60000 - 0x000007fefbd63000 	D:\Downloads\eclipse-java-2022-09-R-win32-x86_64\eclipse\plugins\org.eclipse.justj.openjdk.hotspot.jre.full.win32.x86_64_17.0.4.v20220903-1038\jre\bin\api-ms-win-core-localization-l1-2-0.dll
0x000007fefaae0000 - 0x000007fefaae3000 	D:\Downloads\eclipse-java-2022-09-R-win32-x86_64\eclipse\plugins\org.eclipse.justj.openjdk.hotspot.jre.full.win32.x86_64_17.0.4.v20220903-1038\jre\bin\api-ms-win-core-processthreads-l1-1-1.dll
0x000007fef3c40000 - 0x000007fef3c43000 	D:\Downloads\eclipse-java-2022-09-R-win32-x86_64\eclipse\plugins\org.eclipse.justj.openjdk.hotspot.jre.full.win32.x86_64_17.0.4.v20220903-1038\jre\bin\api-ms-win-core-file-l1-2-0.dll
0x000007fef3c20000 - 0x000007fef3c23000 	D:\Downloads\eclipse-java-2022-09-R-win32-x86_64\eclipse\plugins\org.eclipse.justj.openjdk.hotspot.jre.full.win32.x86_64_17.0.4.v20220903-1038\jre\bin\api-ms-win-core-timezone-l1-1-0.dll
0x000007fef3c30000 - 0x000007fef3c33000 	D:\Downloads\eclipse-java-2022-09-R-win32-x86_64\eclipse\plugins\org.eclipse.justj.openjdk.hotspot.jre.full.win32.x86_64_17.0.4.v20220903-1038\jre\bin\api-ms-win-core-file-l2-1-0.dll
0x000007fef3c00000 - 0x000007fef3c03000 	D:\Downloads\eclipse-java-2022-09-R-win32-x86_64\eclipse\plugins\org.eclipse.justj.openjdk.hotspot.jre.full.win32.x86_64_17.0.4.v20220903-1038\jre\bin\api-ms-win-core-synch-l1-2-0.dll
0x000007fef3c10000 - 0x000007fef3c13000 	D:\Downloads\eclipse-java-2022-09-R-win32-x86_64\eclipse\plugins\org.eclipse.justj.openjdk.hotspot.jre.full.win32.x86_64_17.0.4.v20220903-1038\jre\bin\api-ms-win-crt-heap-l1-1-0.dll
0x000007fef3be0000 - 0x000007fef3be4000 	D:\Downloads\eclipse-java-2022-09-R-win32-x86_64\eclipse\plugins\org.eclipse.justj.openjdk.hotspot.jre.full.win32.x86_64_17.0.4.v20220903-1038\jre\bin\api-ms-win-crt-string-l1-1-0.dll
0x000007fef3bf0000 - 0x000007fef3bf4000 	D:\Downloads\eclipse-java-2022-09-R-win32-x86_64\eclipse\plugins\org.eclipse.justj.openjdk.hotspot.jre.full.win32.x86_64_17.0.4.v20220903-1038\jre\bin\api-ms-win-crt-stdio-l1-1-0.dll
0x000007fef3bc0000 - 0x000007fef3bc4000 	D:\Downloads\eclipse-java-2022-09-R-win32-x86_64\eclipse\plugins\org.eclipse.justj.openjdk.hotspot.jre.full.win32.x86_64_17.0.4.v20220903-1038\jre\bin\api-ms-win-crt-convert-l1-1-0.dll
0x000007fef3bd0000 - 0x000007fef3bd3000 	D:\Downloads\eclipse-java-2022-09-R-win32-x86_64\eclipse\plugins\org.eclipse.justj.openjdk.hotspot.jre.full.win32.x86_64_17.0.4.v20220903-1038\jre\bin\api-ms-win-crt-environment-l1-1-0.dll
0x000007fef3ba0000 - 0x000007fef3ba3000 	D:\Downloads\eclipse-java-2022-09-R-win32-x86_64\eclipse\plugins\org.eclipse.justj.openjdk.hotspot.jre.full.win32.x86_64_17.0.4.v20220903-1038\jre\bin\api-ms-win-crt-filesystem-l1-1-0.dll
0x000007fef3bb0000 - 0x000007fef3bb5000 	D:\Downloads\eclipse-java-2022-09-R-win32-x86_64\eclipse\plugins\org.eclipse.justj.openjdk.hotspot.jre.full.win32.x86_64_17.0.4.v20220903-1038\jre\bin\api-ms-win-crt-math-l1-1-0.dll
0x000007fef3b80000 - 0x000007fef3b83000 	D:\Downloads\eclipse-java-2022-09-R-win32-x86_64\eclipse\plugins\org.eclipse.justj.openjdk.hotspot.jre.full.win32.x86_64_17.0.4.v20220903-1038\jre\bin\api-ms-win-crt-locale-l1-1-0.dll
0x000007fefd8e0000 - 0x000007fefd90e000 	C:\Windows\system32\IMM32.DLL
0x000007fefdaa0000 - 0x000007fefdbab000 	C:\Windows\system32\MSCTF.dll
0x000007fef3b90000 - 0x000007fef3b9c000 	D:\Downloads\eclipse-java-2022-09-R-win32-x86_64\eclipse\plugins\org.eclipse.justj.openjdk.hotspot.jre.full.win32.x86_64_17.0.4.v20220903-1038\jre\bin\vcruntime140_1.dll
0x000007fee1b30000 - 0x000007fee1bc1000 	D:\Downloads\eclipse-java-2022-09-R-win32-x86_64\eclipse\plugins\org.eclipse.justj.openjdk.hotspot.jre.full.win32.x86_64_17.0.4.v20220903-1038\jre\bin\msvcp140.dll
0x000007fef3b60000 - 0x000007fef3b63000 	D:\Downloads\eclipse-java-2022-09-R-win32-x86_64\eclipse\plugins\org.eclipse.justj.openjdk.hotspot.jre.full.win32.x86_64_17.0.4.v20220903-1038\jre\bin\api-ms-win-crt-time-l1-1-0.dll
0x000007fef3b70000 - 0x000007fef3b73000 	D:\Downloads\eclipse-java-2022-09-R-win32-x86_64\eclipse\plugins\org.eclipse.justj.openjdk.hotspot.jre.full.win32.x86_64_17.0.4.v20220903-1038\jre\bin\api-ms-win-crt-utility-l1-1-0.dll
0x000007feec4b0000 - 0x000007feed0f6000 	D:\Downloads\eclipse-java-2022-09-R-win32-x86_64\eclipse\plugins\org.eclipse.justj.openjdk.hotspot.jre.full.win32.x86_64_17.0.4.v20220903-1038\jre\bin\server\jvm.dll
0x000007fefd490000 - 0x000007fefd56b000 	C:\Windows\system32\ADVAPI32.dll
0x000007feff460000 - 0x000007feff47f000 	C:\Windows\SYSTEM32\sechost.dll
0x000007fefdc20000 - 0x000007fefdd4c000 	C:\Windows\system32\RPCRT4.dll
0x000007fef2b90000 - 0x000007fef2b99000 	C:\Windows\system32\WSOCK32.dll
0x000007fefece0000 - 0x000007fefed2d000 	C:\Windows\system32\WS2_32.dll
0x000007fefdc10000 - 0x000007fefdc18000 	C:\Windows\system32\NSI.dll
0x000007fef9fe0000 - 0x000007fefa01b000 	C:\Windows\system32\WINMM.dll
0x000007fefbc50000 - 0x000007fefbc5c000 	C:\Windows\system32\VERSION.dll
0x0000000077730000 - 0x0000000077737000 	C:\Windows\system32\PSAPI.DLL
0x000007feec3d0000 - 0x000007feec3da000 	D:\Downloads\eclipse-java-2022-09-R-win32-x86_64\eclipse\plugins\org.eclipse.justj.openjdk.hotspot.jre.full.win32.x86_64_17.0.4.v20220903-1038\jre\bin\jimage.dll
0x000007feec2a0000 - 0x000007feec3c5000 	C:\Windows\system32\DBGHELP.DLL
0x000007feec270000 - 0x000007feec295000 	D:\Downloads\eclipse-java-2022-09-R-win32-x86_64\eclipse\plugins\org.eclipse.justj.openjdk.hotspot.jre.full.win32.x86_64_17.0.4.v20220903-1038\jre\bin\java.dll
0x000007feec250000 - 0x000007feec268000 	D:\Downloads\eclipse-java-2022-09-R-win32-x86_64\eclipse\plugins\org.eclipse.justj.openjdk.hotspot.jre.full.win32.x86_64_17.0.4.v20220903-1038\jre\bin\zip.dll
0x000007fefdf50000 - 0x000007fefecdb000 	C:\Windows\system32\SHELL32.dll
0x000007fefdd50000 - 0x000007fefdf4f000 	C:\Windows\system32\ole32.dll
0x000007fefd0e0000 - 0x000007fefd0ef000 	C:\Windows\system32\profapi.dll

dbghelp: loaded successfully - version: 4.0.5 - missing functions: none
symbol engine: initialized successfully - sym options: 0x614 - pdb path: .;D:\Downloads\eclipse-java-2022-09-R-win32-x86_64\eclipse\plugins\org.eclipse.justj.openjdk.hotspot.jre.full.win32.x86_64_17.0.4.v20220903-1038\jre\bin;C:\Windows\SYSTEM32;C:\Windows\WinSxS\amd64_microsoft.windows.common-controls_6595b64144ccf1df_6.0.7601.24483_none_e372d88f30fbb845;D:\Downloads\eclipse-java-2022-09-R-win32-x86_64\eclipse\plugins\org.eclipse.justj.openjdk.hotspot.jre.full.win32.x86_64_17.0.4.v20220903-1038\jre\bin\server

VM Arguments:
jvm_args: -Dfile.encoding=UTF-8 -XX:+ShowCodeDetailsInExceptionMessages 
java_command: view.TelaJogo
java_class_path (initial): C:\Users\emerson\Desktop\projetos Java\Jokenpo\bin
Launcher Type: SUN_STANDARD

[Global flags]
     intx CICompilerCount                          = 2                                         {product} {ergonomic}
     uint ConcGCThreads                            = 1                                         {product} {ergonomic}
     uint G1ConcRefinementThreads                  = 2                                         {product} {ergonomic}
   size_t G1HeapRegionSize                         = 1048576                                   {product} {ergonomic}
    uintx GCDrainStackTargetSize                   = 64                                        {product} {ergonomic}
   size_t InitialHeapSize                          = 46137344                                  {product} {ergonomic}
   size_t MarkStackSize                            = 4194304                                   {product} {ergonomic}
   size_t MaxHeapSize                              = 738197504                                 {product} {ergonomic}
   size_t MaxNewSize                               = 442499072                                 {product} {ergonomic}
   size_t MinHeapDeltaBytes                        = 1048576                                   {product} {ergonomic}
   size_t MinHeapSize                              = 8388608                                   {product} {ergonomic}
    uintx NonNMethodCodeHeapSize                   = 5826188                                {pd product} {ergonomic}
    uintx NonProfiledCodeHeapSize                  = 122916026                              {pd product} {ergonomic}
    uintx ProfiledCodeHeapSize                     = 122916026                              {pd product} {ergonomic}
    uintx ReservedCodeCacheSize                    = 251658240                              {pd product} {ergonomic}
     bool SegmentedCodeCache                       = true                                      {product} {ergonomic}
     bool ShowCodeDetailsInExceptionMessages       = true                                   {manageable} {command line}
   size_t SoftMaxHeapSize                          = 738197504                              {manageable} {ergonomic}
     bool UseCompressedClassPointers               = true                           {product lp64_product} {ergonomic}
     bool UseCompressedOops                        = true                           {product lp64_product} {ergonomic}
     bool UseG1GC                                  = true                                      {product} {ergonomic}
     bool UseLargePagesIndividualAllocation        = false                                  {pd product} {ergonomic}

Logging:
Log output configuration:
 #0: stdout all=warning uptime,level,tags
 #1: stderr all=off uptime,level,tags

Environment Variables:
PATH=D:/Downloads/eclipse-java-2022-09-R-win32-x86_64/eclipse//plugins/org.eclipse.justj.openjdk.hotspot.jre.full.win32.x86_64_17.0.4.v20220903-1038/jre/bin/server;D:/Downloads/eclipse-java-2022-09-R-win32-x86_64/eclipse//plugins/org.eclipse.justj.openjdk.hotspot.jre.full.win32.x86_64_17.0.4.v20220903-1038/jre/bin;C:\Program Files\Common Files\Oracle\Java\javapath;C:\Program Files (x86)\Common Files\Oracle\Java\javapath;C:\Windows\system32;C:\Windows;C:\Windows\System32\Wbem;C:\Windows\System32\WindowsPowerShell\v1.0\;C:\Program Files\Git\cmd;;C:\Users\emerson\AppData\Local\Programs\Microsoft VS Code\bin;D:\Downloads\eclipse-java-2022-09-R-win32-x86_64\eclipse;
USERNAME=emerson
OS=Windows_NT
PROCESSOR_IDENTIFIER=Intel64 Family 6 Model 23 Stepping 10, GenuineIntel
TMP=C:\Users\emerson\AppData\Local\Temp
TEMP=C:\Users\emerson\AppData\Local\Temp



---------------  S Y S T E M  ---------------

OS:
 Windows 7 , 64 bit Build 7601 (6.1.7601.24545)
OS uptime: 0 days 1:11 hours

CPU: total 2 (initial active 2) (2 cores per cpu, 1 threads per core) family 6 model 23 stepping 10 microcode 0x0, cx8, cmov, fxsr, mmx, sse, sse2, sse3, ssse3, tsc, clflush

Memory: 4k page, system-wide physical 2813M (557M free)
TotalPageFile size 5625M (AvailPageFile size 1969M)
current process WorkingSet (physical memory assigned to process): 24M, peak: 24M
current process commit charge ("private bytes"): 104M, peak: 104M

vm_info: OpenJDK 64-Bit Server VM (17.0.4.1+1) for windows-amd64 JRE (17.0.4.1+1), built on Aug 17 2022 07:42:43 by "temurin" with MS VC++ 16.7 (VS2019)

END.
